{
  statusCode: 500,
  message: 'Cast to string failed for value "{\n' +
    '  v1: [Function: v1],\n' +
    '  v3: [Function: generateUUID] {\n' +
    "    DNS: '6ba7b810-9dad-11d1-80b4-00c04fd430c8',\n" +
    "    URL: '6ba7b811-9dad-11d1-80b4-00c04fd430c8'\n" +
    '  },\n' +
    '  v4: [Function: v4],\n' +
    '  v5: [Function: generateUUID] {\n' +
    "    DNS: '6ba7b810-9dad-11d1-80b4-00c04fd430c8',\n" +
    "    URL: '6ba7b811-9dad-11d1-80b4-00c04fd430c8'\n" +
    '  }\n' +
    '}" at path "_id"',
  level: 'error'
}
{
  statusCode: 500,
  message: 'Cast to string failed for value "{\n' +
    '  v1: [Function: v1],\n' +
    '  v3: [Function: generateUUID] {\n' +
    "    DNS: '6ba7b810-9dad-11d1-80b4-00c04fd430c8',\n" +
    "    URL: '6ba7b811-9dad-11d1-80b4-00c04fd430c8'\n" +
    '  },\n' +
    '  v4: [Function: v4],\n' +
    '  v5: [Function: generateUUID] {\n' +
    "    DNS: '6ba7b810-9dad-11d1-80b4-00c04fd430c8',\n" +
    "    URL: '6ba7b811-9dad-11d1-80b4-00c04fd430c8'\n" +
    '  }\n' +
    '}" at path "_id"',
  level: 'error'
}
{
  statusCode: 500,
  message: 'Cast to string failed for value "{\n' +
    '  v1: [Function: v1],\n' +
    '  v3: [Function: generateUUID] {\n' +
    "    DNS: '6ba7b810-9dad-11d1-80b4-00c04fd430c8',\n" +
    "    URL: '6ba7b811-9dad-11d1-80b4-00c04fd430c8'\n" +
    '  },\n' +
    '  v4: [Function: v4],\n' +
    '  v5: [Function: generateUUID] {\n' +
    "    DNS: '6ba7b810-9dad-11d1-80b4-00c04fd430c8',\n" +
    "    URL: '6ba7b811-9dad-11d1-80b4-00c04fd430c8'\n" +
    '  }\n' +
    '}" at path "_id"',
  level: 'error'
}
{ level: 'info', message: 'url: /users, query params: {}, body: {}' }
{ level: 'info', message: 'url: /, query params: {}, body: {}' }
{
  level: 'info',
  message: 'url: /login, query params: {}, body: {"login":"admin","password":"adn"}'
}
{
  level: 'info',
  message: 'url: /login, query params: {}, body: {"login":"admin","password":"admin"}'
}
{
  level: 'info',
  message: 'url: /login, query params: {}, body: {"login":"admin","password":"admin"}'
}
{
  level: 'info',
  message: 'url: /login, query params: {}, body: {"login":"admin","password":"admin"}'
}
{
  level: 'info',
  message: 'url: /login, query params: {}, body: {"login":"admin","password":"admin"}'
}
{
  level: 'info',
  message: 'url: /login, query params: {}, body: {"login":"admin","password":"admin"}'
}
{
  level: 'info',
  message: 'url: /login, query params: {}, body: {"login":"admin","password":"admin"}'
}
{
  level: 'info',
  message: 'url: /login, query params: {}, body: {"login":"admin","password":"admin"}'
}
{
  level: 'info',
  message: 'url: /login, query params: {}, body: {"login":"admin","password":"admin"}'
}
{
  level: 'info',
  message: 'url: /login, query params: {}, body: {"login":"admin","password":"admin"}'
}
{
  level: 'info',
  message: 'url: /login, query params: {}, body: {"login":"admin","password":"admin"}'
}
{
  level: 'info',
  message: 'url: /users, query params: {}, body: {"login":"admin","password":"admin","name":"admin"}'
}
{
  level: 'info',
  message: 'url: /signup, query params: {}, body: {"login":"admin","password":"admin"}'
}
{ level: 'error', message: 'error:500: INTERNAL_SERVER_ERROR' }
{
  level: 'info',
  message: 'url: /signup, query params: {}, body: {"login":"admin","password":"admin"}'
}
{ level: 'error', message: 'error:500: INTERNAL_SERVER_ERROR' }
{
  level: 'info',
  message: 'url: /login, query params: {}, body: {"login":"admin","password":"admin"}'
}
{ level: 'error', message: 'error:500: INTERNAL_SERVER_ERROR' }
{
  level: 'info',
  message: 'url: /login, query params: {}, body: {"login":"admin","password":"admin"}'
}
{ level: 'error', message: 'error:500: INTERNAL_SERVER_ERROR' }
{
  level: 'info',
  message: 'url: /login, query params: {}, body: {"login":"admin","password":"admin"}'
}
{ level: 'error', message: 'error:500: INTERNAL_SERVER_ERROR' }
{
  level: 'info',
  message: 'url: /login, query params: {}, body: {"login":"admin","password":"admin"}'
}
{ level: 'error', message: 'error:500: INTERNAL_SERVER_ERROR' }
{
  level: 'info',
  message: 'url: /login, query params: {}, body: {"login":"admin","password":"admin"}'
}
{
  level: 'info',
  message: 'url: /signup, query params: {}, body: {"login":"admin","password":"admin"}'
}
{
  level: 'info',
  message: 'url: /signup, query params: {}, body: {"login":"admin","password":"admin"}'
}
{
  level: 'info',
  message: 'url: /signup, query params: {}, body: {"login":"admin","password":"admin"}'
}
{
  level: 'info',
  message: 'url: /signup, query params: {}, body: {"login":"admin","password":"admin"}'
}
{
  level: 'info',
  message: 'url: /signup, query params: {}, body: {"login":"admin","password":"admin"}'
}
{
  level: 'info',
  message: 'url: /signup, query params: {}, body: {"login":"admin","password":"admin"}'
}
{
  level: 'info',
  message: 'url: /signup, query params: {}, body: {"login":"admin","password":"admin"}'
}
{
  level: 'info',
  message: 'url: /signup, query params: {}, body: {"login":"admin","password":"admin"}'
}
{
  level: 'info',
  message: 'url: /signup, query params: {}, body: {"login":"admin","password":"admin"}'
}
{
  level: 'info',
  message: 'url: /signup, query params: {}, body: {"login":"admin","password":"admin"}'
}
{
  level: 'info',
  message: 'url: /signup, query params: {}, body: {"login":"admin","password":"admin"}'
}
{
  level: 'info',
  message: 'url: /signup, query params: {}, body: {"login":"admin","password":"admin"}'
}
{
  level: 'info',
  message: 'url: /signup?key=AIzaSyA_4TzYjbI3eYYRe-Ge1KzR_esuGAB5RWM, query params: {"key":"AIzaSyA_4TzYjbI3eYYRe-Ge1KzR_esuGAB5RWM"}, body: {}'
}
{
  level: 'info',
  message: 'url: /signup?key=AIzaSyA_4TzYjbI3eYYRe-Ge1KzR_esuGAB5RWM, query params: {"key":"AIzaSyA_4TzYjbI3eYYRe-Ge1KzR_esuGAB5RWM"}, body: {"login":"utkin","password":"utkin"}'
}
{
  level: 'info',
  message: 'url: /signup?key=AIzaSyA_4TzYjbI3eYYRe-Ge1KzR_esuGAB5RWM, query params: {"key":"AIzaSyA_4TzYjbI3eYYRe-Ge1KzR_esuGAB5RWM"}, body: {"login":"utkin","password":"utkin"}'
}
{
  level: 'info',
  message: 'url: /signup?key=AIzaSyA_4TzYjbI3eYYRe-Ge1KzR_esuGAB5RWM, query params: {"key":"AIzaSyA_4TzYjbI3eYYRe-Ge1KzR_esuGAB5RWM"}, body: {"login":"utkin","password":"utkin"}'
}
{
  level: 'info',
  message: 'url: /signup?key=AIzaSyA_4TzYjbI3eYYRe-Ge1KzR_esuGAB5RWM, query params: {"key":"AIzaSyA_4TzYjbI3eYYRe-Ge1KzR_esuGAB5RWM"}, body: {"login":"utkin","password":"utkin"}'
}
{
  level: 'info',
  message: 'url: /signup?key=AIzaSyA_4TzYjbI3eYYRe-Ge1KzR_esuGAB5RWM, query params: {"key":"AIzaSyA_4TzYjbI3eYYRe-Ge1KzR_esuGAB5RWM"}, body: {"login":"utkin","password":"utkin"}'
}
{
  level: 'info',
  message: 'url: /signup?key=AIzaSyA_4TzYjbI3eYYRe-Ge1KzR_esuGAB5RWM, query params: {"key":"AIzaSyA_4TzYjbI3eYYRe-Ge1KzR_esuGAB5RWM"}, body: {"login":"utkin","password":"utkin"}'
}
{
  level: 'info',
  message: 'url: /signup?key=AIzaSyA_4TzYjbI3eYYRe-Ge1KzR_esuGAB5RWM, query params: {"key":"AIzaSyA_4TzYjbI3eYYRe-Ge1KzR_esuGAB5RWM"}, body: {"login":"utkin","password":"utkin"}'
}
{
  level: 'info',
  message: 'url: /signup?key=AIzaSyA_4TzYjbI3eYYRe-Ge1KzR_esuGAB5RWM, query params: {"key":"AIzaSyA_4TzYjbI3eYYRe-Ge1KzR_esuGAB5RWM"}, body: {"login":"utkin","password":"utkin"}'
}
{
  level: 'info',
  message: 'url: /signup?key=AIzaSyA_4TzYjbI3eYYRe-Ge1KzR_esuGAB5RWM, query params: {"key":"AIzaSyA_4TzYjbI3eYYRe-Ge1KzR_esuGAB5RWM"}, body: {"login":"utkin","password":"utkin"}'
}
{
  level: 'info',
  message: 'url: /signup?key=AIzaSyA_4TzYjbI3eYYRe-Ge1KzR_esuGAB5RWM, query params: {"key":"AIzaSyA_4TzYjbI3eYYRe-Ge1KzR_esuGAB5RWM"}, body: {"login":"utkin","password":"utkin"}'
}
{
  level: 'info',
  message: 'url: /signup?key=AIzaSyA_4TzYjbI3eYYRe-Ge1KzR_esuGAB5RWM, query params: {"key":"AIzaSyA_4TzYjbI3eYYRe-Ge1KzR_esuGAB5RWM"}, body: {"login":"utkin","password":"utkin"}'
}
{
  level: 'info',
  message: 'url: /signup?key=AIzaSyA_4TzYjbI3eYYRe-Ge1KzR_esuGAB5RWM, query params: {"key":"AIzaSyA_4TzYjbI3eYYRe-Ge1KzR_esuGAB5RWM"}, body: {"login":"utkin","password":"utkin"}'
}
{
  level: 'info',
  message: 'url: /signup?key=AIzaSyA_4TzYjbI3eYYRe-Ge1KzR_esuGAB5RWM, query params: {"key":"AIzaSyA_4TzYjbI3eYYRe-Ge1KzR_esuGAB5RWM"}, body: {"login":"utkin","password":"utkin"}'
}
{
  level: 'info',
  message: 'url: /signup?key=AIzaSyA_4TzYjbI3eYYRe-Ge1KzR_esuGAB5RWM, query params: {"key":"AIzaSyA_4TzYjbI3eYYRe-Ge1KzR_esuGAB5RWM"}, body: {"login":"utkin","password":"utkin"}'
}
{
  level: 'info',
  message: 'url: /signup?key=AIzaSyA_4TzYjbI3eYYRe-Ge1KzR_esuGAB5RWM, query params: {"key":"AIzaSyA_4TzYjbI3eYYRe-Ge1KzR_esuGAB5RWM"}, body: {"login":"utkin","password":"utkin"}'
}
{
  level: 'info',
  message: 'url: /signup?key=AIzaSyA_4TzYjbI3eYYRe-Ge1KzR_esuGAB5RWM, query params: {"key":"AIzaSyA_4TzYjbI3eYYRe-Ge1KzR_esuGAB5RWM"}, body: {"login":"utkin","password":"utkin"}'
}
{
  level: 'info',
  message: 'url: /signup?key=AIzaSyA_4TzYjbI3eYYRe-Ge1KzR_esuGAB5RWM, query params: {"key":"AIzaSyA_4TzYjbI3eYYRe-Ge1KzR_esuGAB5RWM"}, body: {"login":"utkin","password":"utkin"}'
}
{
  level: 'info',
  message: 'url: /signup?key=AIzaSyA_4TzYjbI3eYYRe-Ge1KzR_esuGAB5RWM, query params: {"key":"AIzaSyA_4TzYjbI3eYYRe-Ge1KzR_esuGAB5RWM"}, body: {"login":"utkin","password":"utkin"}'
}
{
  level: 'info',
  message: 'url: /signup?key=AIzaSyA_4TzYjbI3eYYRe-Ge1KzR_esuGAB5RWM, query params: {"key":"AIzaSyA_4TzYjbI3eYYRe-Ge1KzR_esuGAB5RWM"}, body: {"login":"utkin","password":"utkin"}'
}
{
  level: 'info',
  message: 'url: /signup, query params: {}, body: {"login":"utkin","password":"utkin"}'
}
{
  level: 'info',
  message: 'url: /signup, query params: {}, body: {"login":"utkin","password":"utkin"}'
}
{ level: 'error', message: 'error:500: INTERNAL_SERVER_ERROR' }
{
  level: 'info',
  message: 'url: /signup, query params: {}, body: {"login":"utkin","password":"utkin"}'
}
{ level: 'error', message: 'error:500: INTERNAL_SERVER_ERROR' }
{
  level: 'info',
  message: 'url: /signup, query params: {}, body: {"login":"utkin","password":"utkin"}'
}
{ level: 'error', message: 'error:500: INTERNAL_SERVER_ERROR' }
{
  level: 'info',
  message: 'url: /signup, query params: {}, body: {"login":"utkin","password":"utkin"}'
}
{ level: 'error', message: 'error:500: INTERNAL_SERVER_ERROR' }
{
  level: 'info',
  message: 'url: /signup, query params: {}, body: {"login":"utkin","password":"utkin"}'
}
{
  level: 'info',
  message: 'url: /signup, query params: {}, body: {"login":"utkin","password":"utkin"}'
}
{ level: 'error', message: 'error: 403: User already exists' }
{
  level: 'info',
  message: 'url: /signup, query params: {}, body: {"login":"utkin","password":"utkin"}'
}
{ level: 'error', message: 'error: 403: User already exists' }
{
  level: 'info',
  message: 'url: /signup, query params: {}, body: {"login":"utkin","password":"utkin"}'
}
{ level: 'error', message: 'error: 403: User already exists' }
{
  level: 'info',
  message: 'url: /signup, query params: {}, body: {"login":"utkin","password":"utkin"}'
}
{ level: 'error', message: 'error: 403: User already exists' }
{
  level: 'info',
  message: 'url: /signup, query params: {}, body: {"login":"utkin","password":"utkin"}'
}
{ level: 'error', message: 'error: 403: User already exists' }
{
  level: 'info',
  message: 'url: /signup, query params: {}, body: {"login":"utkin","password":"utkin"}'
}
{ level: 'error', message: 'error: 403: User already exists' }
{
  level: 'info',
  message: 'url: /signup, query params: {}, body: {"login":"utkin","password":"lkjl"}'
}
{ level: 'error', message: 'error: 403: User already exists' }
{
  level: 'info',
  message: 'url: /signup, query params: {}, body: {"login":"utkin","password":"utkin"}'
}
{ level: 'error', message: 'error: 403: User already exists' }
{
  level: 'info',
  message: 'url: /login, query params: {}, body: {"login":"utkin","password":"utkin"}'
}
{
  level: 'info',
  message: 'url: /signup, query params: {}, body: {"login":"utkin","password":"utkin"}'
}
{ level: 'error', message: 'error: 403: User already exists' }
{
  level: 'info',
  message: 'url: /login, query params: {}, body: {"login":"utkin","password":"utkin"}'
}
{
  level: 'info',
  message: 'url: /login, query params: {}, body: {"login":"utkin","password":"utkin"}'
}
{ level: 'error', message: 'error:500: INTERNAL_SERVER_ERROR' }
{
  level: 'info',
  message: 'url: /login, query params: {}, body: {"login":"utkin","password":"utkin"}'
}
{ level: 'error', message: 'error:500: INTERNAL_SERVER_ERROR' }
{
  level: 'info',
  message: 'url: /login, query params: {}, body: {"login":"utkin","password":"utkin"}'
}
{ level: 'error', message: 'error:500: INTERNAL_SERVER_ERROR' }
{
  level: 'info',
  message: 'url: /login, query params: {}, body: {"login":"utkin","password":"utkin"}'
}
{ level: 'error', message: 'error:500: INTERNAL_SERVER_ERROR' }
{
  level: 'info',
  message: 'url: /login, query params: {}, body: {"login":"utkin","password":"utkin"}'
}
{ level: 'error', message: 'error:500: INTERNAL_SERVER_ERROR' }
{
  level: 'info',
  message: 'url: /login, query params: {}, body: {"login":"utkin","password":"utkin"}'
}
{ level: 'error', message: 'error:500: INTERNAL_SERVER_ERROR' }
{
  level: 'info',
  message: 'url: /login, query params: {}, body: {"login":"utkin","password":"utkin"}'
}
{
  level: 'info',
  message: 'url: /login, query params: {}, body: {"login":"utkin","password":"utkin"}'
}
{
  level: 'info',
  message: 'url: /login, query params: {}, body: {"login":"utkin","password":"utkin"}'
}
{
  level: 'info',
  message: 'url: /login, query params: {}, body: {"login":"utkin","password":"vxcv"}'
}
{ level: 'error', message: 'error: 403: Access forbidden' }
{
  level: 'info',
  message: 'url: /login, query params: {}, body: {"login":"utkin","password":"utkin"}'
}
{
  level: 'info',
  message: 'url: /login, query params: {}, body: {"login":"utkin","password":"utkin"}'
}
{
  level: 'info',
  message: 'url: /login, query params: {}, body: {"login":"utkin","password":"utkin"}'
}
{
  level: 'info',
  message: 'url: /signup, query params: {}, body: {"login":"utkin","password":"asdas"}'
}
{ level: 'error', message: 'error: 403: User already exists' }
{
  level: 'info',
  message: 'url: /signup, query params: {}, body: {"login":"utkin","password":"asdas"}'
}
{ level: 'error', message: 'error: 403: User already exists' }
{
  level: 'info',
  message: 'url: /signup, query params: {}, body: {"login":"joydn","password":"1234"}'
}
{
  level: 'info',
  message: 'url: /login, query params: {}, body: {"login":"utkin","password":"sdfsdfs"}'
}
{ level: 'error', message: 'error: 403: Access forbidden' }
{
  level: 'info',
  message: 'url: /login, query params: {}, body: {"login":"utkin","password":"sdfsdfs"}'
}
{ level: 'error', message: 'error: 403: Access forbidden' }
{
  level: 'info',
  message: 'url: /login, query params: {}, body: {"login":"utkin","password":"utkin"}'
}
{
  level: 'info',
  message: 'url: /signup, query params: {}, body: {"login":"utkin","password":"gfdgd"}'
}
{ level: 'error', message: 'error: 403: User already exists' }
{
  level: 'info',
  message: 'url: /login, query params: {}, body: {"login":"utkin","password":"asdasd"}'
}
{ level: 'error', message: 'error: 403: Access forbidden' }
{
  level: 'info',
  message: 'url: /signup, query params: {}, body: {"login":"utkin","password":"asdasd"}'
}
{ level: 'error', message: 'error: 403: User already exists' }
{
  level: 'info',
  message: 'url: /signup, query params: {}, body: {"login":"vasiliy","password":"1234"}'
}
{
  level: 'error',
  message: 'error: 11000: E11000 duplicate key error collection: youtube.users index: _id_ dup key: { _id: "12680b72-9a1e-49b4-bcae-919a21f51209" }'
}
{
  level: 'info',
  message: 'url: /signup, query params: {}, body: {"login":"utkin","password":"1234"}'
}
{ level: 'error', message: 'error: 403: User already exists' }
{
  level: 'info',
  message: 'url: /signup, query params: {}, body: {"login":"utkin","password":"utkin"}'
}
{ level: 'error', message: 'error: 403: User already exists' }
{
  level: 'info',
  message: 'url: /signup, query params: {}, body: {"login":"vasiliy","password":"utkin"}'
}
{
  level: 'info',
  message: 'url: /login, query params: {}, body: {"login":"utkin","password":"czxczxc"}'
}
{ level: 'error', message: 'error: 403: Access forbidden' }
{
  level: 'info',
  message: 'url: /signup, query params: {}, body: {"login":"utkin","password":"xzcxzc"}'
}
{ level: 'error', message: 'error: 403: User already exists' }
{
  level: 'info',
  message: 'url: /login, query params: {}, body: {"login":"utkin","password":"xzczxc"}'
}
{ level: 'error', message: 'error: 403: Access forbidden' }
{
  level: 'info',
  message: 'url: /login, query params: {}, body: {"login":"utkin","password":"cxvvcxv"}'
}
{ level: 'error', message: 'error: 403: Access forbidden' }
{
  level: 'info',
  message: 'url: /login, query params: {}, body: {"login":"utkin","password":"vxcv"}'
}
{ level: 'error', message: 'error: 403: Access forbidden' }
{
  level: 'info',
  message: 'url: /login, query params: {}, body: {"login":"utkin","password":"dfxz"}'
}
{ level: 'error', message: 'error: 403: Access forbidden' }
{
  level: 'info',
  message: 'url: /login, query params: {}, body: {"login":"utkin","password":"utkin"}'
}
{
  level: 'info',
  message: 'url: /login, query params: {}, body: {"login":"utkin","password":"utkin"}'
}
{
  level: 'info',
  message: 'url: /login, query params: {}, body: {"login":"utkin","password":"utkin"}'
}
{
  level: 'info',
  message: 'url: /login, query params: {}, body: {"login":"utkin","password":"utkin"}'
}
{
  level: 'info',
  message: 'url: /login, query params: {}, body: {"login":"utkin","password":"utkin"}'
}
{
  level: 'info',
  message: 'url: /login, query params: {}, body: {"login":"utkin","password":"utkin"}'
}
{
  level: 'info',
  message: 'url: /login, query params: {}, body: {"login":"utkin","password":"utkin"}'
}
{
  level: 'info',
  message: 'url: /signup, query params: {}, body: {"login":"utkin","password":"asdsdad"}'
}
{ level: 'error', message: 'error: 403: User already exists' }
{
  level: 'info',
  message: 'url: /signup, query params: {}, body: {"login":"utkin","password":"asdsdad"}'
}
{ level: 'error', message: 'error: 403: User already exists' }
{
  level: 'info',
  message: 'url: /signup, query params: {}, body: {"login":"vasiliy","password":"sadsa"}'
}
{ level: 'error', message: 'error: 403: User already exists' }
{
  level: 'info',
  message: 'url: /login, query params: {}, body: {"login":"utkin","password":"utkin"}'
}
{
  level: 'info',
  message: 'url: /login, query params: {}, body: {"login":"utkin","password":"utkin"}'
}
{
  level: 'info',
  message: 'url: /login, query params: {}, body: {"login":"utkin","password":"utkin"}'
}
{
  level: 'info',
  message: 'url: /login, query params: {}, body: {"login":"utkin","password":"utkin"}'
}
{
  level: 'info',
  message: 'url: /login, query params: {}, body: {"login":"utkin","password":"dsfdd"}'
}
{ level: 'error', message: 'error: 403: Access forbidden' }
{
  level: 'info',
  message: 'url: /login, query params: {}, body: {"login":"utkin","password":"utkin"}'
}
{
  level: 'info',
  message: 'url: /login, query params: {}, body: {"login":"utkin","password":"utkin"}'
}
{
  level: 'info',
  message: 'url: /auth?key=AIzaSyA_4TzYjbI3eYYRe-Ge1KzR_esuGAB5RWM, query params: {"key":"AIzaSyA_4TzYjbI3eYYRe-Ge1KzR_esuGAB5RWM"}, body: {}'
}
{
  level: 'info',
  message: 'url: /auth?key=AIzaSyA_4TzYjbI3eYYRe-Ge1KzR_esuGAB5RWM, query params: {"key":"AIzaSyA_4TzYjbI3eYYRe-Ge1KzR_esuGAB5RWM"}, body: {}'
}
{
  level: 'info',
  message: 'url: /auth?key=AIzaSyA_4TzYjbI3eYYRe-Ge1KzR_esuGAB5RWM, query params: {"key":"AIzaSyA_4TzYjbI3eYYRe-Ge1KzR_esuGAB5RWM"}, body: {}'
}
{
  level: 'info',
  message: 'url: /auth?key=AIzaSyA_4TzYjbI3eYYRe-Ge1KzR_esuGAB5RWM, query params: {"key":"AIzaSyA_4TzYjbI3eYYRe-Ge1KzR_esuGAB5RWM"}, body: {}'
}
{
  level: 'info',
  message: 'url: /login, query params: {}, body: {"login":"utkin","password":"utkin"}'
}
{
  level: 'info',
  message: 'url: /auth?key=AIzaSyA_4TzYjbI3eYYRe-Ge1KzR_esuGAB5RWM, query params: {"key":"AIzaSyA_4TzYjbI3eYYRe-Ge1KzR_esuGAB5RWM"}, body: {}'
}
{
  level: 'info',
  message: 'url: /login, query params: {}, body: {"login":"utkin","password":"asdsa"}'
}
{ level: 'error', message: 'error: 403: Access forbidden' }
{
  level: 'info',
  message: 'url: /login, query params: {}, body: {"login":"utkin","password":"utkin"}'
}
{
  level: 'info',
  message: 'url: /auth?key=AIzaSyA_4TzYjbI3eYYRe-Ge1KzR_esuGAB5RWM, query params: {"key":"AIzaSyA_4TzYjbI3eYYRe-Ge1KzR_esuGAB5RWM"}, body: {}'
}
{
  level: 'info',
  message: 'url: /auth?key=AIzaSyA_4TzYjbI3eYYRe-Ge1KzR_esuGAB5RWM, query params: {"key":"AIzaSyA_4TzYjbI3eYYRe-Ge1KzR_esuGAB5RWM"}, body: {}'
}
{
  level: 'info',
  message: 'url: /auth?key=AIzaSyA_4TzYjbI3eYYRe-Ge1KzR_esuGAB5RWM, query params: {"key":"AIzaSyA_4TzYjbI3eYYRe-Ge1KzR_esuGAB5RWM"}, body: {}'
}
{
  level: 'info',
  message: 'url: /auth?key=AIzaSyA_4TzYjbI3eYYRe-Ge1KzR_esuGAB5RWM, query params: {"key":"AIzaSyA_4TzYjbI3eYYRe-Ge1KzR_esuGAB5RWM"}, body: {}'
}
{
  level: 'info',
  message: 'url: /auth?key=AIzaSyA_4TzYjbI3eYYRe-Ge1KzR_esuGAB5RWM, query params: {"key":"AIzaSyA_4TzYjbI3eYYRe-Ge1KzR_esuGAB5RWM"}, body: {}'
}
{
  level: 'info',
  message: 'url: /login, query params: {}, body: {"login":"utkin","password":"utkin"}'
}
{
  level: 'info',
  message: 'url: /auth?key=AIzaSyA_4TzYjbI3eYYRe-Ge1KzR_esuGAB5RWM, query params: {"key":"AIzaSyA_4TzYjbI3eYYRe-Ge1KzR_esuGAB5RWM"}, body: {}'
}
{
  level: 'info',
  message: 'url: /auth?key=AIzaSyA_4TzYjbI3eYYRe-Ge1KzR_esuGAB5RWM, query params: {"key":"AIzaSyA_4TzYjbI3eYYRe-Ge1KzR_esuGAB5RWM"}, body: {}'
}
{
  level: 'info',
  message: 'url: /auth?key=AIzaSyA_4TzYjbI3eYYRe-Ge1KzR_esuGAB5RWM, query params: {"key":"AIzaSyA_4TzYjbI3eYYRe-Ge1KzR_esuGAB5RWM"}, body: {}'
}
{
  level: 'info',
  message: 'url: /auth?key=AIzaSyA_4TzYjbI3eYYRe-Ge1KzR_esuGAB5RWM, query params: {"key":"AIzaSyA_4TzYjbI3eYYRe-Ge1KzR_esuGAB5RWM"}, body: {}'
}
{
  level: 'info',
  message: 'url: /auth?key=AIzaSyA_4TzYjbI3eYYRe-Ge1KzR_esuGAB5RWM, query params: {"key":"AIzaSyA_4TzYjbI3eYYRe-Ge1KzR_esuGAB5RWM"}, body: {}'
}
{
  level: 'info',
  message: 'url: /auth?key=AIzaSyA_4TzYjbI3eYYRe-Ge1KzR_esuGAB5RWM, query params: {"key":"AIzaSyA_4TzYjbI3eYYRe-Ge1KzR_esuGAB5RWM"}, body: {}'
}
{
  level: 'info',
  message: 'url: /login, query params: {}, body: {"login":"utkin","password":"utkin"}'
}
{
  level: 'info',
  message: 'url: /auth?key=AIzaSyA_4TzYjbI3eYYRe-Ge1KzR_esuGAB5RWM, query params: {"key":"AIzaSyA_4TzYjbI3eYYRe-Ge1KzR_esuGAB5RWM"}, body: {}'
}
{
  level: 'info',
  message: 'url: /auth?key=AIzaSyA_4TzYjbI3eYYRe-Ge1KzR_esuGAB5RWM, query params: {"key":"AIzaSyA_4TzYjbI3eYYRe-Ge1KzR_esuGAB5RWM"}, body: {}'
}
{
  level: 'info',
  message: 'url: /auth?key=AIzaSyA_4TzYjbI3eYYRe-Ge1KzR_esuGAB5RWM, query params: {"key":"AIzaSyA_4TzYjbI3eYYRe-Ge1KzR_esuGAB5RWM"}, body: {}'
}
{
  level: 'info',
  message: 'url: /auth?key=AIzaSyA_4TzYjbI3eYYRe-Ge1KzR_esuGAB5RWM, query params: {"key":"AIzaSyA_4TzYjbI3eYYRe-Ge1KzR_esuGAB5RWM"}, body: {}'
}
{
  level: 'info',
  message: 'url: /login, query params: {}, body: {"login":"utkin","password":"utkin"}'
}
{
  level: 'info',
  message: 'url: /auth?key=AIzaSyA_4TzYjbI3eYYRe-Ge1KzR_esuGAB5RWM, query params: {"key":"AIzaSyA_4TzYjbI3eYYRe-Ge1KzR_esuGAB5RWM"}, body: {}'
}
{
  level: 'info',
  message: 'url: /login, query params: {}, body: {"login":"utkin","password":"utkin"}'
}
{
  level: 'info',
  message: 'url: /login, query params: {}, body: {"login":"utkin","password":"utkin"}'
}
{
  level: 'info',
  message: 'url: /login, query params: {}, body: {"login":"utkin","password":"utkin"}'
}
{
  level: 'info',
  message: 'url: /login, query params: {}, body: {"login":"utkin","password":"utkin"}'
}
{
  level: 'info',
  message: 'url: /login, query params: {}, body: {"login":"utkin","password":"utkin"}'
}
{
  level: 'info',
  message: 'url: /login, query params: {}, body: {"login":"utkin","password":"utkin"}'
}
{
  level: 'info',
  message: 'url: /login, query params: {}, body: {"login":"utkin","password":"utkin"}'
}
{
  level: 'info',
  message: 'url: /login, query params: {}, body: {"login":"utkin","password":"utkin"}'
}
{
  level: 'info',
  message: 'url: /auth?key=AIzaSyA_4TzYjbI3eYYRe-Ge1KzR_esuGAB5RWM, query params: {"key":"AIzaSyA_4TzYjbI3eYYRe-Ge1KzR_esuGAB5RWM"}, body: {}'
}
{
  level: 'info',
  message: 'url: /auth?key=AIzaSyA_4TzYjbI3eYYRe-Ge1KzR_esuGAB5RWM, query params: {"key":"AIzaSyA_4TzYjbI3eYYRe-Ge1KzR_esuGAB5RWM"}, body: {}'
}
{
  level: 'info',
  message: 'url: /auth?key=AIzaSyA_4TzYjbI3eYYRe-Ge1KzR_esuGAB5RWM, query params: {"key":"AIzaSyA_4TzYjbI3eYYRe-Ge1KzR_esuGAB5RWM"}, body: {}'
}
{
  level: 'info',
  message: 'url: /auth?key=AIzaSyA_4TzYjbI3eYYRe-Ge1KzR_esuGAB5RWM, query params: {"key":"AIzaSyA_4TzYjbI3eYYRe-Ge1KzR_esuGAB5RWM"}, body: {}'
}
{
  level: 'info',
  message: 'url: /login, query params: {}, body: {"login":"utkin","password":"utkin"}'
}
{
  level: 'info',
  message: 'url: /auth?key=AIzaSyA_4TzYjbI3eYYRe-Ge1KzR_esuGAB5RWM, query params: {"key":"AIzaSyA_4TzYjbI3eYYRe-Ge1KzR_esuGAB5RWM"}, body: {}'
}
{
  level: 'info',
  message: 'url: /auth?key=AIzaSyA_4TzYjbI3eYYRe-Ge1KzR_esuGAB5RWM, query params: {"key":"AIzaSyA_4TzYjbI3eYYRe-Ge1KzR_esuGAB5RWM"}, body: {}'
}
{
  level: 'info',
  message: 'url: /auth?key=AIzaSyA_4TzYjbI3eYYRe-Ge1KzR_esuGAB5RWM, query params: {"key":"AIzaSyA_4TzYjbI3eYYRe-Ge1KzR_esuGAB5RWM"}, body: {}'
}
{
  level: 'info',
  message: 'url: /?key=AIzaSyA_4TzYjbI3eYYRe-Ge1KzR_esuGAB5RWM, query params: {"key":"AIzaSyA_4TzYjbI3eYYRe-Ge1KzR_esuGAB5RWM"}, body: {}'
}
{
  level: 'info',
  message: 'url: /?key=AIzaSyA_4TzYjbI3eYYRe-Ge1KzR_esuGAB5RWM, query params: {"key":"AIzaSyA_4TzYjbI3eYYRe-Ge1KzR_esuGAB5RWM"}, body: {}'
}
{
  level: 'info',
  message: 'url: /?key=AIzaSyA_4TzYjbI3eYYRe-Ge1KzR_esuGAB5RWM, query params: {"key":"AIzaSyA_4TzYjbI3eYYRe-Ge1KzR_esuGAB5RWM"}, body: {}'
}
{
  level: 'info',
  message: 'url: /?key=AIzaSyA_4TzYjbI3eYYRe-Ge1KzR_esuGAB5RWM, query params: {"key":"AIzaSyA_4TzYjbI3eYYRe-Ge1KzR_esuGAB5RWM"}, body: {}'
}
{
  level: 'info',
  message: 'url: /?key=AIzaSyA_4TzYjbI3eYYRe-Ge1KzR_esuGAB5RWM, query params: {"key":"AIzaSyA_4TzYjbI3eYYRe-Ge1KzR_esuGAB5RWM"}, body: {}'
}
{
  level: 'info',
  message: 'url: /?key=AIzaSyA_4TzYjbI3eYYRe-Ge1KzR_esuGAB5RWM, query params: {"key":"AIzaSyA_4TzYjbI3eYYRe-Ge1KzR_esuGAB5RWM"}, body: {}'
}
{
  level: 'info',
  message: 'url: /login, query params: {}, body: {"login":"utkin","password":"utkin"}'
}
{
  level: 'info',
  message: 'url: /?key=AIzaSyA_4TzYjbI3eYYRe-Ge1KzR_esuGAB5RWM, query params: {"key":"AIzaSyA_4TzYjbI3eYYRe-Ge1KzR_esuGAB5RWM"}, body: {}'
}
{
  level: 'info',
  message: 'url: /?key=AIzaSyA_4TzYjbI3eYYRe-Ge1KzR_esuGAB5RWM, query params: {"key":"AIzaSyA_4TzYjbI3eYYRe-Ge1KzR_esuGAB5RWM"}, body: {}'
}
{
  level: 'info',
  message: 'url: /?key=AIzaSyA_4TzYjbI3eYYRe-Ge1KzR_esuGAB5RWM, query params: {"key":"AIzaSyA_4TzYjbI3eYYRe-Ge1KzR_esuGAB5RWM"}, body: {}'
}
{
  level: 'info',
  message: 'url: /?key=AIzaSyA_4TzYjbI3eYYRe-Ge1KzR_esuGAB5RWM, query params: {"key":"AIzaSyA_4TzYjbI3eYYRe-Ge1KzR_esuGAB5RWM"}, body: {}'
}
{
  level: 'info',
  message: 'url: /?key=AIzaSyA_4TzYjbI3eYYRe-Ge1KzR_esuGAB5RWM, query params: {"key":"AIzaSyA_4TzYjbI3eYYRe-Ge1KzR_esuGAB5RWM"}, body: {}'
}
{
  level: 'info',
  message: 'url: /?key=AIzaSyA_4TzYjbI3eYYRe-Ge1KzR_esuGAB5RWM, query params: {"key":"AIzaSyA_4TzYjbI3eYYRe-Ge1KzR_esuGAB5RWM"}, body: {}'
}
{
  level: 'info',
  message: 'url: /login, query params: {}, body: {"login":"utkin","password":"utkin"}'
}
{
  level: 'info',
  message: 'url: /login, query params: {}, body: {"login":"utkin","password":"utkin"}'
}
{
  level: 'info',
  message: 'url: /login, query params: {}, body: {"login":"utkin","password":"utkin"}'
}
{
  level: 'error',
  message: 'error: ERR_HTTP_HEADERS_SENT: Cannot set headers after they are sent to the client'
}
{
  level: 'info',
  message: 'url: /login, query params: {}, body: {"login":"utkin","password":"utkin"}'
}
{
  level: 'error',
  message: 'error: ERR_HTTP_HEADERS_SENT: Cannot set headers after they are sent to the client'
}
{
  level: 'info',
  message: 'url: /login, query params: {}, body: {"login":"utkin","password":"utkin"}'
}
{
  level: 'error',
  message: 'error: ERR_HTTP_HEADERS_SENT: Cannot set headers after they are sent to the client'
}
{
  level: 'info',
  message: 'url: /login, query params: {}, body: {"login":"utkin","password":"utkin"}'
}
{
  level: 'error',
  message: 'error: ERR_HTTP_HEADERS_SENT: Cannot set headers after they are sent to the client'
}
{
  level: 'info',
  message: 'url: /?key=AIzaSyA_4TzYjbI3eYYRe-Ge1KzR_esuGAB5RWM, query params: {"key":"AIzaSyA_4TzYjbI3eYYRe-Ge1KzR_esuGAB5RWM"}, body: {}'
}
{
  level: 'info',
  message: 'url: /?key=AIzaSyA_4TzYjbI3eYYRe-Ge1KzR_esuGAB5RWM, query params: {"key":"AIzaSyA_4TzYjbI3eYYRe-Ge1KzR_esuGAB5RWM"}, body: {}'
}
{
  level: 'info',
  message: 'url: /?key=AIzaSyA_4TzYjbI3eYYRe-Ge1KzR_esuGAB5RWM, query params: {"key":"AIzaSyA_4TzYjbI3eYYRe-Ge1KzR_esuGAB5RWM"}, body: {}'
}
{
  level: 'info',
  message: 'url: /auth?key=AIzaSyA_4TzYjbI3eYYRe-Ge1KzR_esuGAB5RWM, query params: {"key":"AIzaSyA_4TzYjbI3eYYRe-Ge1KzR_esuGAB5RWM"}, body: {}'
}
{
  level: 'info',
  message: 'url: /auth?key=AIzaSyA_4TzYjbI3eYYRe-Ge1KzR_esuGAB5RWM, query params: {"key":"AIzaSyA_4TzYjbI3eYYRe-Ge1KzR_esuGAB5RWM"}, body: {}'
}
{
  level: 'info',
  message: 'url: /login, query params: {}, body: {"login":"utkin","password":"utkin"}'
}
{
  level: 'info',
  message: 'url: /auth?key=AIzaSyA_4TzYjbI3eYYRe-Ge1KzR_esuGAB5RWM, query params: {"key":"AIzaSyA_4TzYjbI3eYYRe-Ge1KzR_esuGAB5RWM"}, body: {}'
}
{
  level: 'info',
  message: 'url: /auth?key=AIzaSyA_4TzYjbI3eYYRe-Ge1KzR_esuGAB5RWM, query params: {"key":"AIzaSyA_4TzYjbI3eYYRe-Ge1KzR_esuGAB5RWM"}, body: {}'
}
{
  level: 'info',
  message: 'url: /auth?key=AIzaSyA_4TzYjbI3eYYRe-Ge1KzR_esuGAB5RWM, query params: {"key":"AIzaSyA_4TzYjbI3eYYRe-Ge1KzR_esuGAB5RWM"}, body: {}'
}
{
  level: 'info',
  message: 'url: /auth?key=AIzaSyA_4TzYjbI3eYYRe-Ge1KzR_esuGAB5RWM, query params: {"key":"AIzaSyA_4TzYjbI3eYYRe-Ge1KzR_esuGAB5RWM"}, body: {}'
}
{
  level: 'info',
  message: 'url: /login, query params: {}, body: {"login":"utkin","password":"utkin"}'
}
{
  level: 'info',
  message: 'url: /auth?key=AIzaSyA_4TzYjbI3eYYRe-Ge1KzR_esuGAB5RWM, query params: {"key":"AIzaSyA_4TzYjbI3eYYRe-Ge1KzR_esuGAB5RWM"}, body: {}'
}
{
  level: 'info',
  message: 'url: /auth?key=AIzaSyA_4TzYjbI3eYYRe-Ge1KzR_esuGAB5RWM, query params: {"key":"AIzaSyA_4TzYjbI3eYYRe-Ge1KzR_esuGAB5RWM"}, body: {}'
}
{
  level: 'info',
  message: 'url: /auth?key=AIzaSyA_4TzYjbI3eYYRe-Ge1KzR_esuGAB5RWM, query params: {"key":"AIzaSyA_4TzYjbI3eYYRe-Ge1KzR_esuGAB5RWM"}, body: {}'
}
{
  level: 'info',
  message: 'url: /auth?key=AIzaSyA_4TzYjbI3eYYRe-Ge1KzR_esuGAB5RWM, query params: {"key":"AIzaSyA_4TzYjbI3eYYRe-Ge1KzR_esuGAB5RWM"}, body: {}'
}
{
  level: 'info',
  message: 'url: /login, query params: {}, body: {"login":"utkin","password":"utkin"}'
}
{
  level: 'info',
  message: 'url: /auth?key=AIzaSyA_4TzYjbI3eYYRe-Ge1KzR_esuGAB5RWM, query params: {"key":"AIzaSyA_4TzYjbI3eYYRe-Ge1KzR_esuGAB5RWM"}, body: {}'
}
{
  level: 'info',
  message: 'url: /login, query params: {}, body: {"login":"utkin","password":"asdasda"}'
}
{ level: 'error', message: 'error: 403: Access forbidden' }
{
  level: 'info',
  message: 'url: /login, query params: {}, body: {"login":"utkin","password":"utkin"}'
}
{
  level: 'info',
  message: 'url: /auth?key=AIzaSyA_4TzYjbI3eYYRe-Ge1KzR_esuGAB5RWM, query params: {"key":"AIzaSyA_4TzYjbI3eYYRe-Ge1KzR_esuGAB5RWM"}, body: {}'
}
{
  level: 'info',
  message: 'url: /auth?key=AIzaSyA_4TzYjbI3eYYRe-Ge1KzR_esuGAB5RWM, query params: {"key":"AIzaSyA_4TzYjbI3eYYRe-Ge1KzR_esuGAB5RWM"}, body: {}'
}
{
  level: 'info',
  message: 'url: /auth?key=AIzaSyA_4TzYjbI3eYYRe-Ge1KzR_esuGAB5RWM, query params: {"key":"AIzaSyA_4TzYjbI3eYYRe-Ge1KzR_esuGAB5RWM"}, body: {}'
}
{
  level: 'info',
  message: 'url: /auth?key=AIzaSyA_4TzYjbI3eYYRe-Ge1KzR_esuGAB5RWM, query params: {"key":"AIzaSyA_4TzYjbI3eYYRe-Ge1KzR_esuGAB5RWM"}, body: {}'
}
{
  level: 'info',
  message: 'url: /auth?key=AIzaSyA_4TzYjbI3eYYRe-Ge1KzR_esuGAB5RWM, query params: {"key":"AIzaSyA_4TzYjbI3eYYRe-Ge1KzR_esuGAB5RWM"}, body: {}'
}
{
  level: 'info',
  message: 'url: /login, query params: {}, body: {"login":"utkin","password":"utkin"}'
}
{
  level: 'info',
  message: 'url: /auth?key=AIzaSyA_4TzYjbI3eYYRe-Ge1KzR_esuGAB5RWM, query params: {"key":"AIzaSyA_4TzYjbI3eYYRe-Ge1KzR_esuGAB5RWM"}, body: {}'
}
{
  level: 'info',
  message: 'url: /login, query params: {}, body: {"login":"admin","password":"admin"}'
}
{
  level: 'info',
  message: 'url: /login, query params: {}, body: {"login":"utkin","password":"xcvxc"}'
}
{ level: 'error', message: 'error: 403: Access forbidden' }
{
  level: 'info',
  message: 'url: /login, query params: {}, body: {"login":"utkin","password":"xcvxc"}'
}
{ level: 'error', message: 'error: 403: Access forbidden' }
{
  level: 'info',
  message: 'url: /login, query params: {}, body: {"login":"utkin","password":"utkin"}'
}
{
  level: 'info',
  message: 'url: /login, query params: {}, body: {"login":"utkin","password":"utkin"}'
}
{
  level: 'info',
  message: 'url: /login, query params: {}, body: {"login":"utkin","password":"utkin"}'
}
{
  level: 'info',
  message: 'url: /login, query params: {}, body: {"login":"utkin","password":"utkin"}'
}
{
  level: 'info',
  message: 'url: /auth?key=AIzaSyA_4TzYjbI3eYYRe-Ge1KzR_esuGAB5RWM, query params: {"key":"AIzaSyA_4TzYjbI3eYYRe-Ge1KzR_esuGAB5RWM"}, body: {}'
}
{
  level: 'info',
  message: 'url: /auth?key=AIzaSyA_4TzYjbI3eYYRe-Ge1KzR_esuGAB5RWM, query params: {"key":"AIzaSyA_4TzYjbI3eYYRe-Ge1KzR_esuGAB5RWM"}, body: {}'
}
{
  level: 'info',
  message: 'url: /auth?key=AIzaSyA_4TzYjbI3eYYRe-Ge1KzR_esuGAB5RWM, query params: {"key":"AIzaSyA_4TzYjbI3eYYRe-Ge1KzR_esuGAB5RWM"}, body: {}'
}
{
  level: 'info',
  message: 'url: /login, query params: {}, body: {"login":"utkin","password":"utkin"}'
}
{
  level: 'info',
  message: 'url: /auth?key=AIzaSyA_4TzYjbI3eYYRe-Ge1KzR_esuGAB5RWM, query params: {"key":"AIzaSyA_4TzYjbI3eYYRe-Ge1KzR_esuGAB5RWM"}, body: {}'
}
{
  level: 'info',
  message: 'url: /login, query params: {}, body: {"login":"utkin","password":"gffff"}'
}
{ level: 'error', message: 'error: 403: Access forbidden' }
{
  level: 'info',
  message: 'url: /login, query params: {}, body: {"login":"utkin","password":"utkin"}'
}
{
  level: 'info',
  message: 'url: /auth?key=AIzaSyA_4TzYjbI3eYYRe-Ge1KzR_esuGAB5RWM, query params: {"key":"AIzaSyA_4TzYjbI3eYYRe-Ge1KzR_esuGAB5RWM"}, body: {}'
}
{
  level: 'info',
  message: 'url: /auth?key=AIzaSyA_4TzYjbI3eYYRe-Ge1KzR_esuGAB5RWM, query params: {"key":"AIzaSyA_4TzYjbI3eYYRe-Ge1KzR_esuGAB5RWM"}, body: {}'
}
{
  level: 'info',
  message: 'url: /auth?key=AIzaSyA_4TzYjbI3eYYRe-Ge1KzR_esuGAB5RWM, query params: {"key":"AIzaSyA_4TzYjbI3eYYRe-Ge1KzR_esuGAB5RWM"}, body: {}'
}
{ level: 'info', message: 'url: /auth, query params: {}, body: {}' }
{ level: 'info', message: 'url: /auth, query params: {}, body: {}' }
{ level: 'info', message: 'url: /auth, query params: {}, body: {}' }
{ level: 'info', message: 'url: /auth, query params: {}, body: {}' }
{ level: 'info', message: 'url: /auth, query params: {}, body: {}' }
{ level: 'info', message: 'url: /auth, query params: {}, body: {}' }
{
  level: 'info',
  message: 'url: /login, query params: {}, body: {"login":"utkin","password":"utkin"}'
}
{ level: 'info', message: 'url: /auth, query params: {}, body: {}' }
{ level: 'info', message: 'url: /auth, query params: {}, body: {}' }
{ level: 'info', message: 'url: /auth, query params: {}, body: {}' }
{ level: 'info', message: 'url: /auth, query params: {}, body: {}' }
{
  level: 'info',
  message: 'url: /auth?key=AIzaSyA_4TzYjbI3eYYRe-Ge1KzR_esuGAB5RWM, query params: {"key":"AIzaSyA_4TzYjbI3eYYRe-Ge1KzR_esuGAB5RWM"}, body: {}'
}
{
  level: 'info',
  message: 'url: /auth?key=AIzaSyA_4TzYjbI3eYYRe-Ge1KzR_esuGAB5RWM, query params: {"key":"AIzaSyA_4TzYjbI3eYYRe-Ge1KzR_esuGAB5RWM"}, body: {}'
}
{ level: 'info', message: 'url: /auth, query params: {}, body: {}' }
{ level: 'info', message: 'url: /auth, query params: {}, body: {}' }
{
  level: 'info',
  message: 'url: /login, query params: {}, body: {"login":"utkin","password":"utkin"}'
}
{ level: 'info', message: 'url: /auth, query params: {}, body: {}' }
{ level: 'info', message: 'url: /auth, query params: {}, body: {}' }
{ level: 'info', message: 'url: /auth, query params: {}, body: {}' }
{
  level: 'info',
  message: 'url: /login, query params: {}, body: {"login":"utkin","password":"utkin"}'
}
{ level: 'info', message: 'url: /auth, query params: {}, body: {}' }
{ level: 'info', message: 'url: /auth, query params: {}, body: {}' }
{ level: 'info', message: 'url: /auth, query params: {}, body: {}' }
{ level: 'info', message: 'url: /auth, query params: {}, body: {}' }
{ level: 'info', message: 'url: /auth, query params: {}, body: {}' }
{ level: 'info', message: 'url: /auth, query params: {}, body: {}' }
{ level: 'info', message: 'url: /auth, query params: {}, body: {}' }
{ level: 'info', message: 'url: /auth, query params: {}, body: {}' }
{ level: 'info', message: 'url: /auth, query params: {}, body: {}' }
{ level: 'info', message: 'url: /auth, query params: {}, body: {}' }
{ level: 'info', message: 'url: /auth, query params: {}, body: {}' }
{ level: 'info', message: 'url: /auth, query params: {}, body: {}' }
{ level: 'info', message: 'url: /, query params: {}, body: {}' }
{ level: 'info', message: 'url: /auth, query params: {}, body: {}' }
{
  level: 'info',
  message: 'url: /login, query params: {}, body: {"login":"utkin","password":"utkin"}'
}
{ level: 'info', message: 'url: /auth, query params: {}, body: {}' }
{
  level: 'info',
  message: 'url: /login, query params: {}, body: {"login":"utkin","password":"utkin"}'
}
{ level: 'info', message: 'url: /auth, query params: {}, body: {}' }
{ level: 'info', message: 'url: /auth, query params: {}, body: {}' }
{ level: 'info', message: 'url: /auth, query params: {}, body: {}' }
{
  level: 'info',
  message: 'url: /login, query params: {}, body: {"login":"utkin","password":"utkin"}'
}
{
  level: 'info',
  message: 'url: /login, query params: {}, body: {"login":"utkin","password":"sdfs"}'
}
{ level: 'error', message: 'error: 403: Access forbidden' }
{ level: 'info', message: 'url: /auth, query params: {}, body: {}' }
{
  level: 'info',
  message: 'url: /login, query params: {}, body: {"login":"utkin","password":"utkin"}'
}
{ level: 'info', message: 'url: /auth, query params: {}, body: {}' }
{ level: 'info', message: 'url: /auth, query params: {}, body: {}' }
{
  level: 'info',
  message: 'url: /login, query params: {}, body: {"login":"utkin","password":"utkin"}'
}
{ level: 'info', message: 'url: /auth, query params: {}, body: {}' }
{
  level: 'info',
  message: 'url: /login, query params: {}, body: {"login":"utkin","password":"utkin"}'
}
{ level: 'info', message: 'url: /auth, query params: {}, body: {}' }
{
  level: 'info',
  message: 'url: /login, query params: {}, body: {"login":"utkin","password":"utkin"}'
}
{
  level: 'info',
  message: 'url: /login, query params: {}, body: {"login":"utkin","password":"asdsa"}'
}
{ level: 'error', message: 'error: 403: Access forbidden' }
{
  level: 'info',
  message: 'url: /login, query params: {}, body: {"login":"utkin","password":"utkin"}'
}
{ level: 'info', message: 'url: /auth, query params: {}, body: {}' }
{ level: 'info', message: 'url: /auth, query params: {}, body: {}' }
{
  level: 'info',
  message: 'url: /login, query params: {}, body: {"login":"utkin","password":"utkin"}'
}
{ level: 'info', message: 'url: /auth, query params: {}, body: {}' }
{ level: 'info', message: 'url: /auth, query params: {}, body: {}' }
{ level: 'info', message: 'url: /auth, query params: {}, body: {}' }
{ level: 'info', message: 'url: /auth, query params: {}, body: {}' }
{ level: 'info', message: 'url: /auth, query params: {}, body: {}' }
{ level: 'info', message: 'url: /auth, query params: {}, body: {}' }
{
  level: 'info',
  message: 'url: /login, query params: {}, body: {"login":"utkin","password":"utkin"}'
}
{ level: 'info', message: 'url: /auth, query params: {}, body: {}' }
{ level: 'info', message: 'url: /auth, query params: {}, body: {}' }
{ level: 'info', message: 'url: /auth, query params: {}, body: {}' }
{ level: 'info', message: 'url: /auth, query params: {}, body: {}' }
{ level: 'info', message: 'url: /auth, query params: {}, body: {}' }
{ level: 'info', message: 'url: /auth, query params: {}, body: {}' }
{ level: 'info', message: 'url: /auth, query params: {}, body: {}' }
{
  level: 'info',
  message: 'url: /login, query params: {}, body: {"login":"utkin","password":"utjin"}'
}
{ level: 'error', message: 'error: 403: Access forbidden' }
{
  level: 'info',
  message: 'url: /login, query params: {}, body: {"login":"utkin","password":"utkin"}'
}
{ level: 'info', message: 'url: /auth, query params: {}, body: {}' }
{ level: 'info', message: 'url: /auth, query params: {}, body: {}' }
{ level: 'info', message: 'url: /auth, query params: {}, body: {}' }
{ level: 'info', message: 'url: /auth, query params: {}, body: {}' }
{ level: 'info', message: 'url: /auth, query params: {}, body: {}' }
{ level: 'info', message: 'url: /auth, query params: {}, body: {}' }
{ level: 'info', message: 'url: /auth, query params: {}, body: {}' }
{ level: 'info', message: 'url: /auth, query params: {}, body: {}' }
{ level: 'info', message: 'url: /auth, query params: {}, body: {}' }
{ level: 'info', message: 'url: /auth, query params: {}, body: {}' }
{ level: 'info', message: 'url: /auth, query params: {}, body: {}' }
{ level: 'info', message: 'url: /auth, query params: {}, body: {}' }
{ level: 'info', message: 'url: /auth, query params: {}, body: {}' }
{ level: 'info', message: 'url: /auth, query params: {}, body: {}' }
